0 info it worked if it ends with ok
1 verbose cli [ '/Users/ericwang/.nvm/versions/node/v6.13.1/bin/node',
1 verbose cli   '/Users/ericwang/.nvm/versions/node/v6.13.1/bin/npm',
1 verbose cli   'install',
1 verbose cli   '--save',
1 verbose cli   '-dev',
1 verbose cli   'node' ]
2 info using npm@3.10.10
3 info using node@v6.13.1
4 warn install Usage of the `--dev` option is deprecated. Use `--only=dev` instead.
5 silly loadCurrentTree Starting
6 silly install loadCurrentTree
7 silly install readLocalPackageData
8 silly fetchPackageMetaData node
9 silly fetchNamedPackageData node
10 silly mapToRegistry name node
11 silly mapToRegistry using default registry
12 silly mapToRegistry registry https://registry.npmjs.org/
13 silly mapToRegistry data Result {
13 silly mapToRegistry   raw: 'node',
13 silly mapToRegistry   scope: null,
13 silly mapToRegistry   escapedName: 'node',
13 silly mapToRegistry   name: 'node',
13 silly mapToRegistry   rawSpec: '',
13 silly mapToRegistry   spec: 'latest',
13 silly mapToRegistry   type: 'tag' }
14 silly mapToRegistry uri https://registry.npmjs.org/node
15 verbose request uri https://registry.npmjs.org/node
16 verbose request no auth needed
17 info attempt registry request try #1 at 7:30:47 PM
18 verbose request id f6b4adc6548e1766
19 verbose etag W/"85d21a50a76bca2e55d98f2396fc4256"
20 verbose lastModified Sat, 07 Jul 2018 11:18:52 GMT
21 http request GET https://registry.npmjs.org/node
22 http 304 https://registry.npmjs.org/node
23 verbose headers { date: 'Fri, 13 Jul 2018 02:30:48 GMT',
23 verbose headers   connection: 'keep-alive',
23 verbose headers   'set-cookie': [ '__cfduid=d2953ac62c6d0809917773f5479e83a4f1531449048; expires=Sat, 13-Jul-19 02:30:48 GMT; path=/; domain=.registry.npmjs.org; HttpOnly' ],
23 verbose headers   'cache-control': 'max-age=300',
23 verbose headers   'cf-cache-status': 'HIT',
23 verbose headers   'cf-ray': '439854668ff06d66-SJC',
23 verbose headers   etag: '"85d21a50a76bca2e55d98f2396fc4256"',
23 verbose headers   'expect-ct': 'max-age=604800, report-uri="https://report-uri.cloudflare.com/cdn-cgi/beacon/expect-ct"',
23 verbose headers   'last-modified': 'Sat, 07 Jul 2018 11:18:52 GMT',
23 verbose headers   vary: 'accept-encoding, accept',
23 verbose headers   server: 'cloudflare' }
24 silly get cb [ 304,
24 silly get   { date: 'Fri, 13 Jul 2018 02:30:48 GMT',
24 silly get     connection: 'keep-alive',
24 silly get     'set-cookie': [ '__cfduid=d2953ac62c6d0809917773f5479e83a4f1531449048; expires=Sat, 13-Jul-19 02:30:48 GMT; path=/; domain=.registry.npmjs.org; HttpOnly' ],
24 silly get     'cache-control': 'max-age=300',
24 silly get     'cf-cache-status': 'HIT',
24 silly get     'cf-ray': '439854668ff06d66-SJC',
24 silly get     etag: '"85d21a50a76bca2e55d98f2396fc4256"',
24 silly get     'expect-ct': 'max-age=604800, report-uri="https://report-uri.cloudflare.com/cdn-cgi/beacon/expect-ct"',
24 silly get     'last-modified': 'Sat, 07 Jul 2018 11:18:52 GMT',
24 silly get     vary: 'accept-encoding, accept',
24 silly get     server: 'cloudflare' } ]
25 verbose etag https://registry.npmjs.org/node from cache
26 verbose get saving node to /Users/ericwang/.npm/registry.npmjs.org/node/.cache.json
27 verbose correctMkdir /Users/ericwang/.npm correctMkdir not in flight; initializing
28 silly install normalizeTree
29 silly loadCurrentTree Finishing
30 silly loadIdealTree Starting
31 silly install loadIdealTree
32 silly cloneCurrentTree Starting
33 silly install cloneCurrentTreeToIdealTree
34 silly cloneCurrentTree Finishing
35 silly loadShrinkwrap Starting
36 silly install loadShrinkwrap
37 silly loadShrinkwrap Finishing
38 silly loadAllDepsIntoIdealTree Starting
39 silly install loadAllDepsIntoIdealTree
40 silly resolveWithNewModule node@10.6.0 checking installable status
41 silly cache add args [ 'node', null ]
42 verbose cache add spec node
43 silly cache add parsed spec Result {
43 silly cache add   raw: 'node',
43 silly cache add   scope: null,
43 silly cache add   escapedName: 'node',
43 silly cache add   name: 'node',
43 silly cache add   rawSpec: '',
43 silly cache add   spec: 'latest',
43 silly cache add   type: 'tag' }
44 silly addNamed node@latest
45 verbose addNamed "latest" is being treated as a dist-tag for node
46 info addNameTag [ 'node', 'latest' ]
47 silly mapToRegistry name node
48 silly mapToRegistry using default registry
49 silly mapToRegistry registry https://registry.npmjs.org/
50 silly mapToRegistry data Result {
50 silly mapToRegistry   raw: 'node',
50 silly mapToRegistry   scope: null,
50 silly mapToRegistry   escapedName: 'node',
50 silly mapToRegistry   name: 'node',
50 silly mapToRegistry   rawSpec: '',
50 silly mapToRegistry   spec: 'latest',
50 silly mapToRegistry   type: 'tag' }
51 silly mapToRegistry uri https://registry.npmjs.org/node
52 verbose addNameTag registry:https://registry.npmjs.org/node not in flight; fetching
53 verbose get https://registry.npmjs.org/node not expired, no request
54 silly addNameTag next cb for node with tag latest
55 silly addNamed node@10.6.0
56 verbose addNamed "10.6.0" is a plain semver version for node
57 silly cache afterAdd node@10.6.0
58 verbose afterAdd /Users/ericwang/.npm/node/10.6.0/package/package.json not in flight; writing
59 verbose correctMkdir /Users/ericwang/.npm correctMkdir not in flight; initializing
60 verbose afterAdd /Users/ericwang/.npm/node/10.6.0/package/package.json written
61 silly fetchNamedPackageData node-bin-setup
62 silly mapToRegistry name node-bin-setup
63 silly mapToRegistry using default registry
64 silly mapToRegistry registry https://registry.npmjs.org/
65 silly mapToRegistry data Result {
65 silly mapToRegistry   raw: 'node-bin-setup',
65 silly mapToRegistry   scope: null,
65 silly mapToRegistry   escapedName: 'node-bin-setup',
65 silly mapToRegistry   name: 'node-bin-setup',
65 silly mapToRegistry   rawSpec: '',
65 silly mapToRegistry   spec: 'latest',
65 silly mapToRegistry   type: 'tag' }
66 silly mapToRegistry uri https://registry.npmjs.org/node-bin-setup
67 verbose request uri https://registry.npmjs.org/node-bin-setup
68 verbose request no auth needed
69 info attempt registry request try #1 at 7:30:49 PM
70 verbose etag W/"696d6ec470fda56a33885508a280edab"
71 verbose lastModified Sun, 27 May 2018 09:55:03 GMT
72 http request GET https://registry.npmjs.org/node-bin-setup
73 http 304 https://registry.npmjs.org/node-bin-setup
74 verbose headers { date: 'Fri, 13 Jul 2018 02:30:49 GMT',
74 verbose headers   connection: 'keep-alive',
74 verbose headers   'set-cookie': [ '__cfduid=db7a757f47941260f68960a3d395714811531449049; expires=Sat, 13-Jul-19 02:30:49 GMT; path=/; domain=.registry.npmjs.org; HttpOnly' ],
74 verbose headers   'cache-control': 'max-age=300',
74 verbose headers   'cf-cache-status': 'HIT',
74 verbose headers   'cf-ray': '4398546d398b6d66-SJC',
74 verbose headers   etag: '"696d6ec470fda56a33885508a280edab"',
74 verbose headers   'expect-ct': 'max-age=604800, report-uri="https://report-uri.cloudflare.com/cdn-cgi/beacon/expect-ct"',
74 verbose headers   'last-modified': 'Sun, 27 May 2018 09:55:03 GMT',
74 verbose headers   vary: 'accept-encoding, accept',
74 verbose headers   server: 'cloudflare' }
75 silly get cb [ 304,
75 silly get   { date: 'Fri, 13 Jul 2018 02:30:49 GMT',
75 silly get     connection: 'keep-alive',
75 silly get     'set-cookie': [ '__cfduid=db7a757f47941260f68960a3d395714811531449049; expires=Sat, 13-Jul-19 02:30:49 GMT; path=/; domain=.registry.npmjs.org; HttpOnly' ],
75 silly get     'cache-control': 'max-age=300',
75 silly get     'cf-cache-status': 'HIT',
75 silly get     'cf-ray': '4398546d398b6d66-SJC',
75 silly get     etag: '"696d6ec470fda56a33885508a280edab"',
75 silly get     'expect-ct': 'max-age=604800, report-uri="https://report-uri.cloudflare.com/cdn-cgi/beacon/expect-ct"',
75 silly get     'last-modified': 'Sun, 27 May 2018 09:55:03 GMT',
75 silly get     vary: 'accept-encoding, accept',
75 silly get     server: 'cloudflare' } ]
76 verbose etag https://registry.npmjs.org/node-bin-setup from cache
77 verbose get saving node-bin-setup to /Users/ericwang/.npm/registry.npmjs.org/node-bin-setup/.cache.json
78 verbose correctMkdir /Users/ericwang/.npm correctMkdir not in flight; initializing
79 silly resolveWithNewModule node-bin-setup@1.0.6 checking installable status
80 silly cache add args [ 'node-bin-setup@^1.0.0', null ]
81 verbose cache add spec node-bin-setup@^1.0.0
82 silly cache add parsed spec Result {
82 silly cache add   raw: 'node-bin-setup@^1.0.0',
82 silly cache add   scope: null,
82 silly cache add   escapedName: 'node-bin-setup',
82 silly cache add   name: 'node-bin-setup',
82 silly cache add   rawSpec: '^1.0.0',
82 silly cache add   spec: '>=1.0.0 <2.0.0',
82 silly cache add   type: 'range' }
83 silly addNamed node-bin-setup@>=1.0.0 <2.0.0
84 verbose addNamed ">=1.0.0 <2.0.0" is a valid semver range for node-bin-setup
85 silly addNameRange { name: 'node-bin-setup',
85 silly addNameRange   range: '>=1.0.0 <2.0.0',
85 silly addNameRange   hasData: false }
86 silly mapToRegistry name node-bin-setup
87 silly mapToRegistry using default registry
88 silly mapToRegistry registry https://registry.npmjs.org/
89 silly mapToRegistry data Result {
89 silly mapToRegistry   raw: 'node-bin-setup',
89 silly mapToRegistry   scope: null,
89 silly mapToRegistry   escapedName: 'node-bin-setup',
89 silly mapToRegistry   name: 'node-bin-setup',
89 silly mapToRegistry   rawSpec: '',
89 silly mapToRegistry   spec: 'latest',
89 silly mapToRegistry   type: 'tag' }
90 silly mapToRegistry uri https://registry.npmjs.org/node-bin-setup
91 verbose addNameRange registry:https://registry.npmjs.org/node-bin-setup not in flight; fetching
92 verbose get https://registry.npmjs.org/node-bin-setup not expired, no request
93 silly addNameRange number 2 { name: 'node-bin-setup',
93 silly addNameRange   range: '>=1.0.0 <2.0.0',
93 silly addNameRange   hasData: true }
94 silly addNameRange versions [ 'node-bin-setup',
94 silly addNameRange   [ '1.0.0', '1.0.1', '1.0.2', '1.0.3', '1.0.4', '1.0.6' ] ]
95 silly addNamed node-bin-setup@1.0.6
96 verbose addNamed "1.0.6" is a plain semver version for node-bin-setup
97 silly cache afterAdd node-bin-setup@1.0.6
98 verbose afterAdd /Users/ericwang/.npm/node-bin-setup/1.0.6/package/package.json not in flight; writing
99 verbose correctMkdir /Users/ericwang/.npm correctMkdir not in flight; initializing
100 verbose afterAdd /Users/ericwang/.npm/node-bin-setup/1.0.6/package/package.json written
101 silly loadAllDepsIntoIdealTree Finishing
102 silly loadIdealTree Finishing
103 silly currentTree challenge_2@1.0.0
103 silly currentTree ├─┬ @webassemblyjs/ast@1.5.13
103 silly currentTree │ └── debug@3.1.0
103 silly currentTree ├── @webassemblyjs/floating-point-hex-parser@1.5.13
103 silly currentTree ├── @webassemblyjs/helper-api-error@1.5.13
103 silly currentTree ├─┬ @webassemblyjs/helper-buffer@1.5.13
103 silly currentTree │ └── debug@3.1.0
103 silly currentTree ├── @webassemblyjs/helper-code-frame@1.5.13
103 silly currentTree ├── @webassemblyjs/helper-fsm@1.5.13
103 silly currentTree ├─┬ @webassemblyjs/helper-module-context@1.5.13
103 silly currentTree │ └── debug@3.1.0
103 silly currentTree ├── @webassemblyjs/helper-wasm-bytecode@1.5.13
103 silly currentTree ├─┬ @webassemblyjs/helper-wasm-section@1.5.13
103 silly currentTree │ └── debug@3.1.0
103 silly currentTree ├── @webassemblyjs/ieee754@1.5.13
103 silly currentTree ├─┬ @webassemblyjs/leb128@1.5.13
103 silly currentTree │ └── long@4.0.0
103 silly currentTree ├── @webassemblyjs/utf8@1.5.13
103 silly currentTree ├─┬ @webassemblyjs/wasm-edit@1.5.13
103 silly currentTree │ └── debug@3.1.0
103 silly currentTree ├── @webassemblyjs/wasm-gen@1.5.13
103 silly currentTree ├─┬ @webassemblyjs/wasm-opt@1.5.13
103 silly currentTree │ └── debug@3.1.0
103 silly currentTree ├── @webassemblyjs/wasm-parser@1.5.13
103 silly currentTree ├── @webassemblyjs/wast-parser@1.5.13
103 silly currentTree ├── @webassemblyjs/wast-printer@1.5.13
103 silly currentTree ├── abbrev@1.1.1
103 silly currentTree ├── accepts@1.3.5
103 silly currentTree ├── acorn-dynamic-import@3.0.0
103 silly currentTree ├── acorn@5.7.1
103 silly currentTree ├── ajv-keywords@3.2.0
103 silly currentTree ├── ajv@6.5.2
103 silly currentTree ├── ansi-align@2.0.0
103 silly currentTree ├── ansi-escapes@3.1.0
103 silly currentTree ├── ansi-regex@3.0.0
103 silly currentTree ├── ansi-styles@3.2.1
103 silly currentTree ├── anymatch@2.0.0
103 silly currentTree ├── aproba@1.2.0
103 silly currentTree ├── arr-diff@4.0.0
103 silly currentTree ├── arr-flatten@1.1.0
103 silly currentTree ├── arr-union@3.1.0
103 silly currentTree ├── array-flatten@1.1.1
103 silly currentTree ├── array-unique@0.3.2
103 silly currentTree ├── asap@2.0.6
103 silly currentTree ├── asn1.js@4.10.1
103 silly currentTree ├─┬ assert@1.4.1
103 silly currentTree │ ├── inherits@2.0.1
103 silly currentTree │ └── util@0.10.3
103 silly currentTree ├── assign-symbols@1.0.0
103 silly currentTree ├── async-each@1.0.1
103 silly currentTree ├── atob@2.1.1
103 silly currentTree ├── axios@0.18.0
103 silly currentTree ├─┬ babel-code-frame@6.26.0
103 silly currentTree │ ├── ansi-regex@2.1.1
103 silly currentTree │ ├── ansi-styles@2.2.1
103 silly currentTree │ ├── chalk@1.1.3
103 silly currentTree │ ├── js-tokens@3.0.2
103 silly currentTree │ ├── strip-ansi@3.0.1
103 silly currentTree │ └── supports-color@2.0.0
103 silly currentTree ├── babel-core@6.26.3
103 silly currentTree ├── babel-generator@6.26.1
103 silly currentTree ├── babel-helper-builder-react-jsx@6.26.0
103 silly currentTree ├── babel-helper-call-delegate@6.24.1
103 silly currentTree ├── babel-helper-define-map@6.26.0
103 silly currentTree ├── babel-helper-function-name@6.24.1
103 silly currentTree ├── babel-helper-get-function-arity@6.24.1
103 silly currentTree ├── babel-helper-hoist-variables@6.24.1
103 silly currentTree ├── babel-helper-optimise-call-expression@6.24.1
103 silly currentTree ├── babel-helper-regex@6.26.0
103 silly currentTree ├── babel-helper-replace-supers@6.24.1
103 silly currentTree ├── babel-helpers@6.24.1
103 silly currentTree ├── babel-messages@6.23.0
103 silly currentTree ├── babel-plugin-check-es2015-constants@6.22.0
103 silly currentTree ├── babel-plugin-syntax-flow@6.18.0
103 silly currentTree ├── babel-plugin-syntax-jsx@6.18.0
103 silly currentTree ├── babel-plugin-transform-es2015-arrow-functions@6.22.0
103 silly currentTree ├── babel-plugin-transform-es2015-block-scoped-functions@6.22.0
103 silly currentTree ├── babel-plugin-transform-es2015-block-scoping@6.26.0
103 silly currentTree ├── babel-plugin-transform-es2015-classes@6.24.1
103 silly currentTree ├── babel-plugin-transform-es2015-computed-properties@6.24.1
103 silly currentTree ├── babel-plugin-transform-es2015-destructuring@6.23.0
103 silly currentTree ├── babel-plugin-transform-es2015-duplicate-keys@6.24.1
103 silly currentTree ├── babel-plugin-transform-es2015-for-of@6.23.0
103 silly currentTree ├── babel-plugin-transform-es2015-function-name@6.24.1
103 silly currentTree ├── babel-plugin-transform-es2015-literals@6.22.0
103 silly currentTree ├── babel-plugin-transform-es2015-modules-amd@6.24.1
103 silly currentTree ├── babel-plugin-transform-es2015-modules-commonjs@6.26.2
103 silly currentTree ├── babel-plugin-transform-es2015-modules-systemjs@6.24.1
103 silly currentTree ├── babel-plugin-transform-es2015-modules-umd@6.24.1
103 silly currentTree ├── babel-plugin-transform-es2015-object-super@6.24.1
103 silly currentTree ├── babel-plugin-transform-es2015-parameters@6.24.1
103 silly currentTree ├── babel-plugin-transform-es2015-shorthand-properties@6.24.1
103 silly currentTree ├── babel-plugin-transform-es2015-spread@6.22.0
103 silly currentTree ├── babel-plugin-transform-es2015-sticky-regex@6.24.1
103 silly currentTree ├── babel-plugin-transform-es2015-template-literals@6.22.0
103 silly currentTree ├── babel-plugin-transform-es2015-typeof-symbol@6.23.0
103 silly currentTree ├── babel-plugin-transform-es2015-unicode-regex@6.24.1
103 silly currentTree ├── babel-plugin-transform-flow-strip-types@6.22.0
103 silly currentTree ├── babel-plugin-transform-react-display-name@6.25.0
103 silly currentTree ├── babel-plugin-transform-react-jsx-self@6.22.0
103 silly currentTree ├── babel-plugin-transform-react-jsx-source@6.22.0
103 silly currentTree ├── babel-plugin-transform-react-jsx@6.24.1
103 silly currentTree ├── babel-plugin-transform-regenerator@6.26.0
103 silly currentTree ├── babel-plugin-transform-strict-mode@6.24.1
103 silly currentTree ├── babel-preset-es2015@6.24.1
103 silly currentTree ├── babel-preset-flow@6.23.0
103 silly currentTree ├── babel-preset-react@6.24.1
103 silly currentTree ├─┬ babel-register@6.26.0
103 silly currentTree │ └── core-js@2.5.7
103 silly currentTree ├─┬ babel-runtime@6.26.0
103 silly currentTree │ └── core-js@2.5.7
103 silly currentTree ├── babel-template@6.26.0
103 silly currentTree ├── babel-traverse@6.26.0
103 silly currentTree ├── babel-types@6.26.0
103 silly currentTree ├── babel@6.23.0
103 silly currentTree ├── babylon@6.18.0
103 silly currentTree ├── balanced-match@1.0.0
103 silly currentTree ├─┬ base@0.11.2
103 silly currentTree │ ├── define-property@1.0.0
103 silly currentTree │ ├── is-accessor-descriptor@1.0.0
103 silly currentTree │ ├── is-data-descriptor@1.0.0
103 silly currentTree │ └── is-descriptor@1.0.2
103 silly currentTree ├── base64-js@1.3.0
103 silly currentTree ├── big.js@3.2.0
103 silly currentTree ├── binary-extensions@1.11.0
103 silly currentTree ├── bluebird@3.5.1
103 silly currentTree ├── bn.js@4.11.8
103 silly currentTree ├─┬ body-parser@1.18.2
103 silly currentTree │ └── iconv-lite@0.4.19
103 silly currentTree ├── boxen@1.3.0
103 silly currentTree ├── brace-expansion@1.1.11
103 silly currentTree ├─┬ braces@2.3.2
103 silly currentTree │ └── extend-shallow@2.0.1
103 silly currentTree ├── brorand@1.1.0
103 silly currentTree ├── browserify-aes@1.2.0
103 silly currentTree ├── browserify-cipher@1.0.1
103 silly currentTree ├─┬ browserify-des@1.0.2
103 silly currentTree │ └── safe-buffer@5.1.2
103 silly currentTree ├── browserify-rsa@4.0.1
103 silly currentTree ├── browserify-sign@4.0.4
103 silly currentTree ├── browserify-zlib@0.2.0
103 silly currentTree ├── buffer-from@1.1.0
103 silly currentTree ├── buffer-xor@1.0.3
103 silly currentTree ├── buffer@4.9.1
103 silly currentTree ├── builtin-status-codes@3.0.0
103 silly currentTree ├── bytes@3.0.0
103 silly currentTree ├── cacache@10.0.4
103 silly currentTree ├── cache-base@1.0.1
103 silly currentTree ├── camelcase@4.1.0
103 silly currentTree ├── capture-stack-trace@1.0.0
103 silly currentTree ├── chalk@2.4.1
103 silly currentTree ├── chardet@0.5.0
103 silly currentTree ├── chokidar@2.0.4
103 silly currentTree ├── chownr@1.0.1
103 silly currentTree ├── chrome-trace-event@1.0.0
103 silly currentTree ├── ci-info@1.1.3
103 silly currentTree ├── cipher-base@1.0.4
103 silly currentTree ├─┬ class-utils@0.3.6
103 silly currentTree │ └── define-property@0.2.5
103 silly currentTree ├── cli-boxes@1.0.0
103 silly currentTree ├── cli-cursor@2.1.0
103 silly currentTree ├── cli-width@2.2.0
103 silly currentTree ├── cliui@4.1.0
103 silly currentTree ├── code-point-at@1.1.0
103 silly currentTree ├── collection-visit@1.0.0
103 silly currentTree ├── color-convert@1.9.2
103 silly currentTree ├── color-name@1.1.1
103 silly currentTree ├── commander@2.13.0
103 silly currentTree ├── commondir@1.0.1
103 silly currentTree ├── component-emitter@1.2.1
103 silly currentTree ├── concat-map@0.0.1
103 silly currentTree ├── concat-stream@1.6.2
103 silly currentTree ├── configstore@3.1.2
103 silly currentTree ├── console-browserify@1.1.0
103 silly currentTree ├── constants-browserify@1.0.0
103 silly currentTree ├── content-disposition@0.5.2
103 silly currentTree ├── content-type@1.0.4
103 silly currentTree ├── convert-source-map@1.5.1
103 silly currentTree ├── cookie-signature@1.0.6
103 silly currentTree ├── cookie@0.3.1
103 silly currentTree ├── copy-concurrently@1.0.5
103 silly currentTree ├── copy-descriptor@0.1.1
103 silly currentTree ├── core-js@1.2.7
103 silly currentTree ├── core-util-is@1.0.2
103 silly currentTree ├── create-ecdh@4.0.3
103 silly currentTree ├── create-error-class@3.0.2
103 silly currentTree ├── create-hash@1.2.0
103 silly currentTree ├── create-hmac@1.1.7
103 silly currentTree ├── cross-spawn@6.0.5
103 silly currentTree ├── crypto-browserify@3.12.0
103 silly currentTree ├── crypto-random-string@1.0.0
103 silly currentTree ├── cyclist@0.2.2
103 silly currentTree ├── date-now@0.1.4
103 silly currentTree ├── debug@2.6.9
103 silly currentTree ├── decamelize@1.2.0
103 silly currentTree ├── decode-uri-component@0.2.0
103 silly currentTree ├── deep-extend@0.6.0
103 silly currentTree ├─┬ define-property@2.0.2
103 silly currentTree │ ├── is-accessor-descriptor@1.0.0
103 silly currentTree │ ├── is-data-descriptor@1.0.0
103 silly currentTree │ └── is-descriptor@1.0.2
103 silly currentTree ├── depd@1.1.2
103 silly currentTree ├── des.js@1.0.0
103 silly currentTree ├── destroy@1.0.4
103 silly currentTree ├── detect-indent@4.0.0
103 silly currentTree ├── diffie-hellman@5.0.3
103 silly currentTree ├── domain-browser@1.2.0
103 silly currentTree ├── dot-prop@4.2.0
103 silly currentTree ├── duplexer@0.1.1
103 silly currentTree ├── duplexer3@0.1.4
103 silly currentTree ├── duplexify@3.6.0
103 silly currentTree ├── ee-first@1.1.1
103 silly currentTree ├── elliptic@6.4.0
103 silly currentTree ├── emojis-list@2.1.0
103 silly currentTree ├── encodeurl@1.0.2
103 silly currentTree ├── encoding@0.1.12
103 silly currentTree ├── end-of-stream@1.4.1
103 silly currentTree ├── enhanced-resolve@4.1.0
103 silly currentTree ├── errno@0.1.7
103 silly currentTree ├── escape-html@1.0.3
103 silly currentTree ├── escape-string-regexp@1.0.5
103 silly currentTree ├── eslint-scope@3.7.3
103 silly currentTree ├── esrecurse@4.2.1
103 silly currentTree ├── estraverse@4.2.0
103 silly currentTree ├── esutils@2.0.2
103 silly currentTree ├── etag@1.8.1
103 silly currentTree ├── event-stream@3.3.4
103 silly currentTree ├── events@1.1.1
103 silly currentTree ├── evp_bytestokey@1.0.3
103 silly currentTree ├─┬ execa@0.7.0
103 silly currentTree │ └── cross-spawn@5.1.0
103 silly currentTree ├─┬ expand-brackets@2.1.4
103 silly currentTree │ ├── define-property@0.2.5
103 silly currentTree │ └── extend-shallow@2.0.1
103 silly currentTree ├── express@4.16.3
103 silly currentTree ├─┬ extend-shallow@3.0.2
103 silly currentTree │ └── is-extendable@1.0.1
103 silly currentTree ├── external-editor@3.0.0
103 silly currentTree ├─┬ extglob@2.0.4
103 silly currentTree │ ├── define-property@1.0.0
103 silly currentTree │ ├── extend-shallow@2.0.1
103 silly currentTree │ ├── is-accessor-descriptor@1.0.0
103 silly currentTree │ ├── is-data-descriptor@1.0.0
103 silly currentTree │ └── is-descriptor@1.0.2
103 silly currentTree ├── fast-deep-equal@2.0.1
103 silly currentTree ├── fast-json-stable-stringify@2.0.0
103 silly currentTree ├── fbjs@0.8.17
103 silly currentTree ├── figures@2.0.0
103 silly currentTree ├─┬ fill-range@4.0.0
103 silly currentTree │ └── extend-shallow@2.0.1
103 silly currentTree ├── finalhandler@1.1.1
103 silly currentTree ├── find-cache-dir@1.0.0
103 silly currentTree ├── find-up@2.1.0
103 silly currentTree ├── flush-write-stream@1.0.3
103 silly currentTree ├─┬ follow-redirects@1.5.1
103 silly currentTree │ └── debug@3.1.0
103 silly currentTree ├── for-in@1.0.2
103 silly currentTree ├── forwarded@0.1.2
103 silly currentTree ├── fragment-cache@0.2.1
103 silly currentTree ├── fresh@0.5.2
103 silly currentTree ├── from@0.1.7
103 silly currentTree ├── from2@2.3.0
103 silly currentTree ├── fs-write-stream-atomic@1.0.10
103 silly currentTree ├── fs.realpath@1.0.0
103 silly currentTree ├─┬ fsevents@1.2.4
103 silly currentTree │ ├── abbrev@1.1.1
103 silly currentTree │ ├── ansi-regex@2.1.1
103 silly currentTree │ ├── aproba@1.2.0
103 silly currentTree │ ├── are-we-there-yet@1.1.4
103 silly currentTree │ ├── balanced-match@1.0.0
103 silly currentTree │ ├── brace-expansion@1.1.11
103 silly currentTree │ ├── chownr@1.0.1
103 silly currentTree │ ├── code-point-at@1.1.0
103 silly currentTree │ ├── concat-map@0.0.1
103 silly currentTree │ ├── console-control-strings@1.1.0
103 silly currentTree │ ├── core-util-is@1.0.2
103 silly currentTree │ ├── debug@2.6.9
103 silly currentTree │ ├── deep-extend@0.5.1
103 silly currentTree │ ├── delegates@1.0.0
103 silly currentTree │ ├── detect-libc@1.0.3
103 silly currentTree │ ├── fs-minipass@1.2.5
103 silly currentTree │ ├── fs.realpath@1.0.0
103 silly currentTree │ ├── gauge@2.7.4
103 silly currentTree │ ├── glob@7.1.2
103 silly currentTree │ ├── has-unicode@2.0.1
103 silly currentTree │ ├── iconv-lite@0.4.21
103 silly currentTree │ ├── ignore-walk@3.0.1
103 silly currentTree │ ├── inflight@1.0.6
103 silly currentTree │ ├── inherits@2.0.3
103 silly currentTree │ ├── ini@1.3.5
103 silly currentTree │ ├── is-fullwidth-code-point@1.0.0
103 silly currentTree │ ├── isarray@1.0.0
103 silly currentTree │ ├── minimatch@3.0.4
103 silly currentTree │ ├── minimist@0.0.8
103 silly currentTree │ ├── minipass@2.2.4
103 silly currentTree │ ├── minizlib@1.1.0
103 silly currentTree │ ├── mkdirp@0.5.1
103 silly currentTree │ ├── ms@2.0.0
103 silly currentTree │ ├── needle@2.2.0
103 silly currentTree │ ├── node-pre-gyp@0.10.0
103 silly currentTree │ ├── nopt@4.0.1
103 silly currentTree │ ├── npm-bundled@1.0.3
103 silly currentTree │ ├── npm-packlist@1.1.10
103 silly currentTree │ ├── npmlog@4.1.2
103 silly currentTree │ ├── number-is-nan@1.0.1
103 silly currentTree │ ├── object-assign@4.1.1
103 silly currentTree │ ├── once@1.4.0
103 silly currentTree │ ├── os-homedir@1.0.2
103 silly currentTree │ ├── os-tmpdir@1.0.2
103 silly currentTree │ ├── osenv@0.1.5
103 silly currentTree │ ├── path-is-absolute@1.0.1
103 silly currentTree │ ├── process-nextick-args@2.0.0
103 silly currentTree │ ├─┬ rc@1.2.7
103 silly currentTree │ │ └── minimist@1.2.0
103 silly currentTree │ ├── readable-stream@2.3.6
103 silly currentTree │ ├── rimraf@2.6.2
103 silly currentTree │ ├── safe-buffer@5.1.1
103 silly currentTree │ ├── safer-buffer@2.1.2
103 silly currentTree │ ├── sax@1.2.4
103 silly currentTree │ ├── semver@5.5.0
103 silly currentTree │ ├── set-blocking@2.0.0
103 silly currentTree │ ├── signal-exit@3.0.2
103 silly currentTree │ ├── string_decoder@1.1.1
103 silly currentTree │ ├── string-width@1.0.2
103 silly currentTree │ ├── strip-ansi@3.0.1
103 silly currentTree │ ├── strip-json-comments@2.0.1
103 silly currentTree │ ├── tar@4.4.1
103 silly currentTree │ ├── util-deprecate@1.0.2
103 silly currentTree │ ├── wide-align@1.1.2
103 silly currentTree │ ├── wrappy@1.0.2
103 silly currentTree │ └── yallist@3.0.2
103 silly currentTree ├── get-caller-file@1.0.3
103 silly currentTree ├── get-stream@3.0.0
103 silly currentTree ├── get-value@2.0.6
103 silly currentTree ├─┬ glob-parent@3.1.0
103 silly currentTree │ └── is-glob@3.1.0
103 silly currentTree ├── glob@7.1.2
103 silly currentTree ├── global-dirs@0.1.1
103 silly currentTree ├── global-modules-path@2.1.0
103 silly currentTree ├── globals@9.18.0
103 silly currentTree ├── got@6.7.1
103 silly currentTree ├── graceful-fs@4.1.11
103 silly currentTree ├─┬ has-ansi@2.0.0
103 silly currentTree │ └── ansi-regex@2.1.1
103 silly currentTree ├── has-flag@3.0.0
103 silly currentTree ├── has-value@1.0.0
103 silly currentTree ├─┬ has-values@1.0.0
103 silly currentTree │ └── kind-of@4.0.0
103 silly currentTree ├── hash-base@3.0.4
103 silly currentTree ├── hash.js@1.1.5
103 silly currentTree ├── hmac-drbg@1.0.1
103 silly currentTree ├── home-or-tmp@2.0.0
103 silly currentTree ├── http-errors@1.6.3
103 silly currentTree ├── https-browserify@1.0.0
103 silly currentTree ├── iconv-lite@0.4.23
103 silly currentTree ├── ieee754@1.1.12
103 silly currentTree ├── iferr@0.1.5
103 silly currentTree ├── ignore-by-default@1.0.1
103 silly currentTree ├── import-lazy@2.1.0
103 silly currentTree ├── import-local@1.0.0
103 silly currentTree ├── imurmurhash@0.1.4
103 silly currentTree ├── indexof@0.0.1
103 silly currentTree ├── inflight@1.0.6
103 silly currentTree ├── inherits@2.0.3
103 silly currentTree ├── ini@1.3.5
103 silly currentTree ├── inquirer@6.0.0
103 silly currentTree ├── interpret@1.1.0
103 silly currentTree ├── invariant@2.2.4
103 silly currentTree ├── invert-kv@1.0.0
103 silly currentTree ├── ipaddr.js@1.6.0
103 silly currentTree ├─┬ is-accessor-descriptor@0.1.6
103 silly currentTree │ └── kind-of@3.2.2
103 silly currentTree ├── is-binary-path@1.0.1
103 silly currentTree ├── is-buffer@1.1.6
103 silly currentTree ├── is-ci@1.1.0
103 silly currentTree ├─┬ is-data-descriptor@0.1.4
103 silly currentTree │ └── kind-of@3.2.2
103 silly currentTree ├─┬ is-descriptor@0.1.6
103 silly currentTree │ └── kind-of@5.1.0
103 silly currentTree ├── is-extendable@0.1.1
103 silly currentTree ├── is-extglob@2.1.1
103 silly currentTree ├── is-finite@1.0.2
103 silly currentTree ├── is-fullwidth-code-point@2.0.0
103 silly currentTree ├── is-glob@4.0.0
103 silly currentTree ├── is-installed-globally@0.1.0
103 silly currentTree ├── is-npm@1.0.0
103 silly currentTree ├─┬ is-number@3.0.0
103 silly currentTree │ └── kind-of@3.2.2
103 silly currentTree ├── is-obj@1.0.1
103 silly currentTree ├── is-path-inside@1.0.1
103 silly currentTree ├── is-plain-object@2.0.4
103 silly currentTree ├── is-promise@2.1.0
103 silly currentTree ├── is-redirect@1.0.0
103 silly currentTree ├── is-retry-allowed@1.1.0
103 silly currentTree ├── is-stream@1.1.0
103 silly currentTree ├── is-windows@1.0.2
103 silly currentTree ├── isarray@1.0.0
103 silly currentTree ├── isexe@2.0.0
103 silly currentTree ├── isobject@3.0.1
103 silly currentTree ├── isomorphic-fetch@2.2.1
103 silly currentTree ├── js-tokens@4.0.0
103 silly currentTree ├── jsesc@1.3.0
103 silly currentTree ├── json-parse-better-errors@1.0.2
103 silly currentTree ├── json-schema-traverse@0.4.1
103 silly currentTree ├── json5@0.5.1
103 silly currentTree ├── kind-of@6.0.2
103 silly currentTree ├── latest-version@3.1.0
103 silly currentTree ├── lcid@1.0.0
103 silly currentTree ├── loader-runner@2.3.0
103 silly currentTree ├── loader-utils@1.1.0
103 silly currentTree ├── locate-path@2.0.0
103 silly currentTree ├── lodash.debounce@4.0.8
103 silly currentTree ├── lodash@4.17.10
103 silly currentTree ├── long@3.2.0
103 silly currentTree ├── loose-envify@1.4.0
103 silly currentTree ├── lowercase-keys@1.0.1
103 silly currentTree ├── lru-cache@4.1.3
103 silly currentTree ├── make-dir@1.3.0
103 silly currentTree ├── mamacro@0.0.3
103 silly currentTree ├── map-cache@0.2.2
103 silly currentTree ├── map-stream@0.1.0
103 silly currentTree ├── map-visit@1.0.0
103 silly currentTree ├── md5.js@1.3.4
103 silly currentTree ├── media-typer@0.3.0
103 silly currentTree ├── mem@1.1.0
103 silly currentTree ├── memory-fs@0.4.1
103 silly currentTree ├── merge-descriptors@1.0.1
103 silly currentTree ├── methods@1.1.2
103 silly currentTree ├── micromatch@3.1.10
103 silly currentTree ├── miller-rabin@4.0.1
103 silly currentTree ├── mime-db@1.33.0
103 silly currentTree ├── mime-types@2.1.18
103 silly currentTree ├── mime@1.4.1
103 silly currentTree ├── mimic-fn@1.2.0
103 silly currentTree ├── minimalistic-assert@1.0.1
103 silly currentTree ├── minimalistic-crypto-utils@1.0.1
103 silly currentTree ├── minimatch@3.0.4
103 silly currentTree ├── minimist@0.0.8
103 silly currentTree ├── mississippi@2.0.0
103 silly currentTree ├─┬ mixin-deep@1.3.1
103 silly currentTree │ └── is-extendable@1.0.1
103 silly currentTree ├── mkdirp@0.5.1
103 silly currentTree ├── move-concurrently@1.0.1
103 silly currentTree ├── ms@2.0.0
103 silly currentTree ├── mute-stream@0.0.7
103 silly currentTree ├── nan@2.10.0
103 silly currentTree ├── nanomatch@1.2.13
103 silly currentTree ├── negotiator@0.6.1
103 silly currentTree ├── neo-async@2.5.1
103 silly currentTree ├── nice-try@1.0.4
103 silly currentTree ├── node-fetch@1.7.3
103 silly currentTree ├─┬ node-libs-browser@2.1.0
103 silly currentTree │ └── punycode@1.4.1
103 silly currentTree ├─┬ nodemon@1.18.1
103 silly currentTree │ └── debug@3.1.0
103 silly currentTree ├── nopt@1.0.10
103 silly currentTree ├── normalize-path@2.1.1
103 silly currentTree ├── npm-run-path@2.0.2
103 silly currentTree ├── number-is-nan@1.0.1
103 silly currentTree ├── object-assign@4.1.1
103 silly currentTree ├─┬ object-copy@0.1.0
103 silly currentTree │ ├── define-property@0.2.5
103 silly currentTree │ └── kind-of@3.2.2
103 silly currentTree ├── object-visit@1.0.1
103 silly currentTree ├── object.pick@1.3.0
103 silly currentTree ├── on-finished@2.3.0
103 silly currentTree ├── once@1.4.0
103 silly currentTree ├── onetime@2.0.1
103 silly currentTree ├── os-browserify@0.3.0
103 silly currentTree ├── os-homedir@1.0.2
103 silly currentTree ├── os-locale@2.1.0
103 silly currentTree ├── os-tmpdir@1.0.2
103 silly currentTree ├── p-finally@1.0.0
103 silly currentTree ├── p-limit@1.3.0
103 silly currentTree ├── p-locate@2.0.0
103 silly currentTree ├── p-try@1.0.0
103 silly currentTree ├── package-json@4.0.1
103 silly currentTree ├── pako@1.0.6
103 silly currentTree ├── parallel-transform@1.1.0
103 silly currentTree ├── parse-asn1@5.1.1
103 silly currentTree ├── parseurl@1.3.2
103 silly currentTree ├── pascalcase@0.1.1
103 silly currentTree ├── path-browserify@0.0.0
103 silly currentTree ├── path-dirname@1.0.2
103 silly currentTree ├── path-exists@3.0.0
103 silly currentTree ├── path-is-absolute@1.0.1
103 silly currentTree ├── path-is-inside@1.0.2
103 silly currentTree ├── path-key@2.0.1
103 silly currentTree ├── path-to-regexp@0.1.7
103 silly currentTree ├── pause-stream@0.0.11
103 silly currentTree ├── pbkdf2@3.0.16
103 silly currentTree ├── pify@3.0.0
103 silly currentTree ├── pkg-dir@2.0.0
103 silly currentTree ├── posix-character-classes@0.1.1
103 silly currentTree ├── prepend-http@1.0.4
103 silly currentTree ├── private@0.1.8
103 silly currentTree ├── process-nextick-args@2.0.0
103 silly currentTree ├── process@0.11.10
103 silly currentTree ├── promise-inflight@1.0.1
103 silly currentTree ├── promise@7.3.1
103 silly currentTree ├── prop-types@15.6.2
103 silly currentTree ├── proxy-addr@2.0.3
103 silly currentTree ├── prr@1.0.1
103 silly currentTree ├── ps-tree@1.1.0
103 silly currentTree ├── pseudomap@1.0.2
103 silly currentTree ├── pstree.remy@1.1.0
103 silly currentTree ├── public-encrypt@4.0.2
103 silly currentTree ├── pump@2.0.1
103 silly currentTree ├── pumpify@1.5.1
103 silly currentTree ├── punycode@2.1.1
103 silly currentTree ├── qs@6.5.1
103 silly currentTree ├── querystring-es3@0.2.1
103 silly currentTree ├── querystring@0.2.0
103 silly currentTree ├── randombytes@2.0.6
103 silly currentTree ├── randomfill@1.0.4
103 silly currentTree ├── range-parser@1.2.0
103 silly currentTree ├─┬ raw-body@2.3.2
103 silly currentTree │ ├── depd@1.1.1
103 silly currentTree │ ├── http-errors@1.6.2
103 silly currentTree │ ├── iconv-lite@0.4.19
103 silly currentTree │ └── setprototypeof@1.0.3
103 silly currentTree ├─┬ rc@1.2.8
103 silly currentTree │ └── minimist@1.2.0
103 silly currentTree ├── react-dom@16.4.1
103 silly currentTree ├── react@16.4.1
103 silly currentTree ├── readable-stream@2.3.6
103 silly currentTree ├── readdirp@2.1.0
103 silly currentTree ├── regenerate@1.4.0
103 silly currentTree ├── regenerator-runtime@0.11.1
103 silly currentTree ├── regenerator-transform@0.10.1
103 silly currentTree ├── regex-not@1.0.2
103 silly currentTree ├── regexpu-core@2.0.0
103 silly currentTree ├── registry-auth-token@3.3.2
103 silly currentTree ├── registry-url@3.1.0
103 silly currentTree ├── regjsgen@0.2.0
103 silly currentTree ├─┬ regjsparser@0.1.5
103 silly currentTree │ └── jsesc@0.5.0
103 silly currentTree ├── remove-trailing-separator@1.1.0
103 silly currentTree ├── repeat-element@1.1.2
103 silly currentTree ├── repeat-string@1.6.1
103 silly currentTree ├── repeating@2.0.1
103 silly currentTree ├── require-directory@2.1.1
103 silly currentTree ├── require-main-filename@1.0.1
103 silly currentTree ├── resolve-cwd@2.0.0
103 silly currentTree ├── resolve-from@3.0.0
103 silly currentTree ├── resolve-url@0.2.1
103 silly currentTree ├── restore-cursor@2.0.0
103 silly currentTree ├── ret@0.1.15
103 silly currentTree ├── rimraf@2.6.2
103 silly currentTree ├── ripemd160@2.0.2
103 silly currentTree ├── run-async@2.3.0
103 silly currentTree ├── run-queue@1.0.3
103 silly currentTree ├── rxjs@6.2.1
103 silly currentTree ├── safe-buffer@5.1.1
103 silly currentTree ├── safe-regex@1.1.0
103 silly currentTree ├── safer-buffer@2.1.2
103 silly currentTree ├── schema-utils@0.4.5
103 silly currentTree ├── semver-diff@2.1.0
103 silly currentTree ├── semver@5.5.0
103 silly currentTree ├── send@0.16.2
103 silly currentTree ├── serialize-javascript@1.5.0
103 silly currentTree ├── serve-static@1.13.2
103 silly currentTree ├── set-blocking@2.0.0
103 silly currentTree ├── set-immediate-shim@1.0.1
103 silly currentTree ├─┬ set-value@2.0.0
103 silly currentTree │ └── extend-shallow@2.0.1
103 silly currentTree ├── setimmediate@1.0.5
103 silly currentTree ├── setprototypeof@1.1.0
103 silly currentTree ├── sha.js@2.4.11
103 silly currentTree ├── shebang-command@1.2.0
103 silly currentTree ├── shebang-regex@1.0.0
103 silly currentTree ├── signal-exit@3.0.2
103 silly currentTree ├── slash@1.0.0
103 silly currentTree ├─┬ snapdragon-node@2.1.1
103 silly currentTree │ ├── define-property@1.0.0
103 silly currentTree │ ├── is-accessor-descriptor@1.0.0
103 silly currentTree │ ├── is-data-descriptor@1.0.0
103 silly currentTree │ └── is-descriptor@1.0.2
103 silly currentTree ├─┬ snapdragon-util@3.0.1
103 silly currentTree │ └── kind-of@3.2.2
103 silly currentTree ├─┬ snapdragon@0.8.2
103 silly currentTree │ ├── define-property@0.2.5
103 silly currentTree │ └── extend-shallow@2.0.1
103 silly currentTree ├── source-list-map@2.0.0
103 silly currentTree ├── source-map-resolve@0.5.2
103 silly currentTree ├── source-map-support@0.4.18
103 silly currentTree ├── source-map-url@0.4.0
103 silly currentTree ├── source-map@0.5.7
103 silly currentTree ├── split-string@3.1.0
103 silly currentTree ├── split@0.3.3
103 silly currentTree ├── ssri@5.3.0
103 silly currentTree ├─┬ static-extend@0.1.2
103 silly currentTree │ └── define-property@0.2.5
103 silly currentTree ├── statuses@1.4.0
103 silly currentTree ├── stream-browserify@2.0.1
103 silly currentTree ├── stream-combiner@0.0.4
103 silly currentTree ├── stream-each@1.2.2
103 silly currentTree ├── stream-http@2.8.3
103 silly currentTree ├── stream-shift@1.0.0
103 silly currentTree ├── string_decoder@1.1.1
103 silly currentTree ├── string-width@2.1.1
103 silly currentTree ├── strip-ansi@4.0.0
103 silly currentTree ├── strip-eof@1.0.0
103 silly currentTree ├── strip-json-comments@2.0.1
103 silly currentTree ├── supports-color@5.4.0
103 silly currentTree ├── tapable@1.0.0
103 silly currentTree ├── term-size@1.2.0
103 silly currentTree ├── through@2.3.8
103 silly currentTree ├── through2@2.0.3
103 silly currentTree ├── timed-out@4.0.1
103 silly currentTree ├── timers-browserify@2.0.10
103 silly currentTree ├── tmp@0.0.33
103 silly currentTree ├── to-arraybuffer@1.0.1
103 silly currentTree ├── to-fast-properties@1.0.3
103 silly currentTree ├─┬ to-object-path@0.3.0
103 silly currentTree │ └── kind-of@3.2.2
103 silly currentTree ├── to-regex-range@2.1.1
103 silly currentTree ├── to-regex@3.0.2
103 silly currentTree ├── touch@3.1.0
103 silly currentTree ├── trim-right@1.0.1
103 silly currentTree ├── tslib@1.9.3
103 silly currentTree ├── tty-browserify@0.0.0
103 silly currentTree ├── type-is@1.6.16
103 silly currentTree ├── typedarray@0.0.6
103 silly currentTree ├── ua-parser-js@0.7.18
103 silly currentTree ├─┬ uglify-es@3.3.9
103 silly currentTree │ └── source-map@0.6.1
103 silly currentTree ├─┬ uglifyjs-webpack-plugin@1.2.7
103 silly currentTree │ └── source-map@0.6.1
103 silly currentTree ├── undefsafe@2.0.2
103 silly currentTree ├─┬ union-value@1.0.0
103 silly currentTree │ ├── extend-shallow@2.0.1
103 silly currentTree │ └── set-value@0.4.3
103 silly currentTree ├── unique-filename@1.1.0
103 silly currentTree ├── unique-slug@2.0.0
103 silly currentTree ├── unique-string@1.0.0
103 silly currentTree ├── unpipe@1.0.0
103 silly currentTree ├─┬ unset-value@1.0.0
103 silly currentTree │ ├─┬ has-value@0.3.1
103 silly currentTree │ │ └── isobject@2.1.0
103 silly currentTree │ └── has-values@0.1.4
103 silly currentTree ├── unzip-response@2.0.1
103 silly currentTree ├── upath@1.1.0
103 silly currentTree ├── update-notifier@2.5.0
103 silly currentTree ├── uri-js@4.2.2
103 silly currentTree ├── urix@0.1.0
103 silly currentTree ├── url-parse-lax@1.0.0
103 silly currentTree ├─┬ url@0.11.0
103 silly currentTree │ └── punycode@1.3.2
103 silly currentTree ├── use@3.1.1
103 silly currentTree ├── util-deprecate@1.0.2
103 silly currentTree ├── util@0.10.4
103 silly currentTree ├── utils-merge@1.0.1
103 silly currentTree ├── v8-compile-cache@2.0.0
103 silly currentTree ├── vary@1.1.2
103 silly currentTree ├── vm-browserify@0.0.4
103 silly currentTree ├── watchpack@1.6.0
103 silly currentTree ├── webpack-cli@3.0.8
103 silly currentTree ├─┬ webpack-sources@1.1.0
103 silly currentTree │ └── source-map@0.6.1
103 silly currentTree ├── webpack@4.16.0
103 silly currentTree ├── whatwg-fetch@2.0.4
103 silly currentTree ├── which-module@2.0.0
103 silly currentTree ├── which@1.3.1
103 silly currentTree ├── widest-line@2.0.0
103 silly currentTree ├── worker-farm@1.6.0
103 silly currentTree ├─┬ wrap-ansi@2.1.0
103 silly currentTree │ ├── ansi-regex@2.1.1
103 silly currentTree │ ├── is-fullwidth-code-point@1.0.0
103 silly currentTree │ ├── string-width@1.0.2
103 silly currentTree │ └── strip-ansi@3.0.1
103 silly currentTree ├── wrappy@1.0.2
103 silly currentTree ├── write-file-atomic@2.3.0
103 silly currentTree ├── xdg-basedir@3.0.0
103 silly currentTree ├── xtend@4.0.1
103 silly currentTree ├── y18n@4.0.0
103 silly currentTree ├── yallist@2.1.2
103 silly currentTree ├── yargs-parser@9.0.2
103 silly currentTree └─┬ yargs@11.1.0
103 silly currentTree   └── y18n@3.2.1
104 silly idealTree challenge_2@1.0.0
104 silly idealTree ├─┬ @webassemblyjs/ast@1.5.13
104 silly idealTree │ └── debug@3.1.0
104 silly idealTree ├── @webassemblyjs/floating-point-hex-parser@1.5.13
104 silly idealTree ├── @webassemblyjs/helper-api-error@1.5.13
104 silly idealTree ├─┬ @webassemblyjs/helper-buffer@1.5.13
104 silly idealTree │ └── debug@3.1.0
104 silly idealTree ├── @webassemblyjs/helper-code-frame@1.5.13
104 silly idealTree ├── @webassemblyjs/helper-fsm@1.5.13
104 silly idealTree ├─┬ @webassemblyjs/helper-module-context@1.5.13
104 silly idealTree │ └── debug@3.1.0
104 silly idealTree ├── @webassemblyjs/helper-wasm-bytecode@1.5.13
104 silly idealTree ├─┬ @webassemblyjs/helper-wasm-section@1.5.13
104 silly idealTree │ └── debug@3.1.0
104 silly idealTree ├── @webassemblyjs/ieee754@1.5.13
104 silly idealTree ├─┬ @webassemblyjs/leb128@1.5.13
104 silly idealTree │ └── long@4.0.0
104 silly idealTree ├── @webassemblyjs/utf8@1.5.13
104 silly idealTree ├─┬ @webassemblyjs/wasm-edit@1.5.13
104 silly idealTree │ └── debug@3.1.0
104 silly idealTree ├── @webassemblyjs/wasm-gen@1.5.13
104 silly idealTree ├─┬ @webassemblyjs/wasm-opt@1.5.13
104 silly idealTree │ └── debug@3.1.0
104 silly idealTree ├── @webassemblyjs/wasm-parser@1.5.13
104 silly idealTree ├── @webassemblyjs/wast-parser@1.5.13
104 silly idealTree ├── @webassemblyjs/wast-printer@1.5.13
104 silly idealTree ├── abbrev@1.1.1
104 silly idealTree ├── accepts@1.3.5
104 silly idealTree ├── acorn-dynamic-import@3.0.0
104 silly idealTree ├── acorn@5.7.1
104 silly idealTree ├── ajv-keywords@3.2.0
104 silly idealTree ├── ajv@6.5.2
104 silly idealTree ├── ansi-align@2.0.0
104 silly idealTree ├── ansi-escapes@3.1.0
104 silly idealTree ├── ansi-regex@3.0.0
104 silly idealTree ├── ansi-styles@3.2.1
104 silly idealTree ├── anymatch@2.0.0
104 silly idealTree ├── aproba@1.2.0
104 silly idealTree ├── arr-diff@4.0.0
104 silly idealTree ├── arr-flatten@1.1.0
104 silly idealTree ├── arr-union@3.1.0
104 silly idealTree ├── array-flatten@1.1.1
104 silly idealTree ├── array-unique@0.3.2
104 silly idealTree ├── asap@2.0.6
104 silly idealTree ├── asn1.js@4.10.1
104 silly idealTree ├─┬ assert@1.4.1
104 silly idealTree │ ├── inherits@2.0.1
104 silly idealTree │ └── util@0.10.3
104 silly idealTree ├── assign-symbols@1.0.0
104 silly idealTree ├── async-each@1.0.1
104 silly idealTree ├── atob@2.1.1
104 silly idealTree ├── axios@0.18.0
104 silly idealTree ├─┬ babel-code-frame@6.26.0
104 silly idealTree │ ├── ansi-regex@2.1.1
104 silly idealTree │ ├── ansi-styles@2.2.1
104 silly idealTree │ ├── chalk@1.1.3
104 silly idealTree │ ├── js-tokens@3.0.2
104 silly idealTree │ ├── strip-ansi@3.0.1
104 silly idealTree │ └── supports-color@2.0.0
104 silly idealTree ├── babel-core@6.26.3
104 silly idealTree ├── babel-generator@6.26.1
104 silly idealTree ├── babel-helper-builder-react-jsx@6.26.0
104 silly idealTree ├── babel-helper-call-delegate@6.24.1
104 silly idealTree ├── babel-helper-define-map@6.26.0
104 silly idealTree ├── babel-helper-function-name@6.24.1
104 silly idealTree ├── babel-helper-get-function-arity@6.24.1
104 silly idealTree ├── babel-helper-hoist-variables@6.24.1
104 silly idealTree ├── babel-helper-optimise-call-expression@6.24.1
104 silly idealTree ├── babel-helper-regex@6.26.0
104 silly idealTree ├── babel-helper-replace-supers@6.24.1
104 silly idealTree ├── babel-helpers@6.24.1
104 silly idealTree ├── babel-messages@6.23.0
104 silly idealTree ├── babel-plugin-check-es2015-constants@6.22.0
104 silly idealTree ├── babel-plugin-syntax-flow@6.18.0
104 silly idealTree ├── babel-plugin-syntax-jsx@6.18.0
104 silly idealTree ├── babel-plugin-transform-es2015-arrow-functions@6.22.0
104 silly idealTree ├── babel-plugin-transform-es2015-block-scoped-functions@6.22.0
104 silly idealTree ├── babel-plugin-transform-es2015-block-scoping@6.26.0
104 silly idealTree ├── babel-plugin-transform-es2015-classes@6.24.1
104 silly idealTree ├── babel-plugin-transform-es2015-computed-properties@6.24.1
104 silly idealTree ├── babel-plugin-transform-es2015-destructuring@6.23.0
104 silly idealTree ├── babel-plugin-transform-es2015-duplicate-keys@6.24.1
104 silly idealTree ├── babel-plugin-transform-es2015-for-of@6.23.0
104 silly idealTree ├── babel-plugin-transform-es2015-function-name@6.24.1
104 silly idealTree ├── babel-plugin-transform-es2015-literals@6.22.0
104 silly idealTree ├── babel-plugin-transform-es2015-modules-amd@6.24.1
104 silly idealTree ├── babel-plugin-transform-es2015-modules-commonjs@6.26.2
104 silly idealTree ├── babel-plugin-transform-es2015-modules-systemjs@6.24.1
104 silly idealTree ├── babel-plugin-transform-es2015-modules-umd@6.24.1
104 silly idealTree ├── babel-plugin-transform-es2015-object-super@6.24.1
104 silly idealTree ├── babel-plugin-transform-es2015-parameters@6.24.1
104 silly idealTree ├── babel-plugin-transform-es2015-shorthand-properties@6.24.1
104 silly idealTree ├── babel-plugin-transform-es2015-spread@6.22.0
104 silly idealTree ├── babel-plugin-transform-es2015-sticky-regex@6.24.1
104 silly idealTree ├── babel-plugin-transform-es2015-template-literals@6.22.0
104 silly idealTree ├── babel-plugin-transform-es2015-typeof-symbol@6.23.0
104 silly idealTree ├── babel-plugin-transform-es2015-unicode-regex@6.24.1
104 silly idealTree ├── babel-plugin-transform-flow-strip-types@6.22.0
104 silly idealTree ├── babel-plugin-transform-react-display-name@6.25.0
104 silly idealTree ├── babel-plugin-transform-react-jsx-self@6.22.0
104 silly idealTree ├── babel-plugin-transform-react-jsx-source@6.22.0
104 silly idealTree ├── babel-plugin-transform-react-jsx@6.24.1
104 silly idealTree ├── babel-plugin-transform-regenerator@6.26.0
104 silly idealTree ├── babel-plugin-transform-strict-mode@6.24.1
104 silly idealTree ├── babel-preset-es2015@6.24.1
104 silly idealTree ├── babel-preset-flow@6.23.0
104 silly idealTree ├── babel-preset-react@6.24.1
104 silly idealTree ├─┬ babel-register@6.26.0
104 silly idealTree │ └── core-js@2.5.7
104 silly idealTree ├─┬ babel-runtime@6.26.0
104 silly idealTree │ └── core-js@2.5.7
104 silly idealTree ├── babel-template@6.26.0
104 silly idealTree ├── babel-traverse@6.26.0
104 silly idealTree ├── babel-types@6.26.0
104 silly idealTree ├── babel@6.23.0
104 silly idealTree ├── babylon@6.18.0
104 silly idealTree ├── balanced-match@1.0.0
104 silly idealTree ├─┬ base@0.11.2
104 silly idealTree │ ├── define-property@1.0.0
104 silly idealTree │ ├── is-accessor-descriptor@1.0.0
104 silly idealTree │ ├── is-data-descriptor@1.0.0
104 silly idealTree │ └── is-descriptor@1.0.2
104 silly idealTree ├── base64-js@1.3.0
104 silly idealTree ├── big.js@3.2.0
104 silly idealTree ├── binary-extensions@1.11.0
104 silly idealTree ├── bluebird@3.5.1
104 silly idealTree ├── bn.js@4.11.8
104 silly idealTree ├─┬ body-parser@1.18.2
104 silly idealTree │ └── iconv-lite@0.4.19
104 silly idealTree ├── boxen@1.3.0
104 silly idealTree ├── brace-expansion@1.1.11
104 silly idealTree ├─┬ braces@2.3.2
104 silly idealTree │ └── extend-shallow@2.0.1
104 silly idealTree ├── brorand@1.1.0
104 silly idealTree ├── browserify-aes@1.2.0
104 silly idealTree ├── browserify-cipher@1.0.1
104 silly idealTree ├─┬ browserify-des@1.0.2
104 silly idealTree │ └── safe-buffer@5.1.2
104 silly idealTree ├── browserify-rsa@4.0.1
104 silly idealTree ├── browserify-sign@4.0.4
104 silly idealTree ├── browserify-zlib@0.2.0
104 silly idealTree ├── buffer-from@1.1.0
104 silly idealTree ├── buffer-xor@1.0.3
104 silly idealTree ├── buffer@4.9.1
104 silly idealTree ├── builtin-status-codes@3.0.0
104 silly idealTree ├── bytes@3.0.0
104 silly idealTree ├── cacache@10.0.4
104 silly idealTree ├── cache-base@1.0.1
104 silly idealTree ├── camelcase@4.1.0
104 silly idealTree ├── capture-stack-trace@1.0.0
104 silly idealTree ├── chalk@2.4.1
104 silly idealTree ├── chardet@0.5.0
104 silly idealTree ├── chokidar@2.0.4
104 silly idealTree ├── chownr@1.0.1
104 silly idealTree ├── chrome-trace-event@1.0.0
104 silly idealTree ├── ci-info@1.1.3
104 silly idealTree ├── cipher-base@1.0.4
104 silly idealTree ├─┬ class-utils@0.3.6
104 silly idealTree │ └── define-property@0.2.5
104 silly idealTree ├── cli-boxes@1.0.0
104 silly idealTree ├── cli-cursor@2.1.0
104 silly idealTree ├── cli-width@2.2.0
104 silly idealTree ├── cliui@4.1.0
104 silly idealTree ├── code-point-at@1.1.0
104 silly idealTree ├── collection-visit@1.0.0
104 silly idealTree ├── color-convert@1.9.2
104 silly idealTree ├── color-name@1.1.1
104 silly idealTree ├── commander@2.13.0
104 silly idealTree ├── commondir@1.0.1
104 silly idealTree ├── component-emitter@1.2.1
104 silly idealTree ├── concat-map@0.0.1
104 silly idealTree ├── concat-stream@1.6.2
104 silly idealTree ├── configstore@3.1.2
104 silly idealTree ├── console-browserify@1.1.0
104 silly idealTree ├── constants-browserify@1.0.0
104 silly idealTree ├── content-disposition@0.5.2
104 silly idealTree ├── content-type@1.0.4
104 silly idealTree ├── convert-source-map@1.5.1
104 silly idealTree ├── cookie-signature@1.0.6
104 silly idealTree ├── cookie@0.3.1
104 silly idealTree ├── copy-concurrently@1.0.5
104 silly idealTree ├── copy-descriptor@0.1.1
104 silly idealTree ├── core-js@1.2.7
104 silly idealTree ├── core-util-is@1.0.2
104 silly idealTree ├── create-ecdh@4.0.3
104 silly idealTree ├── create-error-class@3.0.2
104 silly idealTree ├── create-hash@1.2.0
104 silly idealTree ├── create-hmac@1.1.7
104 silly idealTree ├── cross-spawn@6.0.5
104 silly idealTree ├── crypto-browserify@3.12.0
104 silly idealTree ├── crypto-random-string@1.0.0
104 silly idealTree ├── cyclist@0.2.2
104 silly idealTree ├── date-now@0.1.4
104 silly idealTree ├── debug@2.6.9
104 silly idealTree ├── decamelize@1.2.0
104 silly idealTree ├── decode-uri-component@0.2.0
104 silly idealTree ├── deep-extend@0.6.0
104 silly idealTree ├─┬ define-property@2.0.2
104 silly idealTree │ ├── is-accessor-descriptor@1.0.0
104 silly idealTree │ ├── is-data-descriptor@1.0.0
104 silly idealTree │ └── is-descriptor@1.0.2
104 silly idealTree ├── depd@1.1.2
104 silly idealTree ├── des.js@1.0.0
104 silly idealTree ├── destroy@1.0.4
104 silly idealTree ├── detect-indent@4.0.0
104 silly idealTree ├── diffie-hellman@5.0.3
104 silly idealTree ├── domain-browser@1.2.0
104 silly idealTree ├── dot-prop@4.2.0
104 silly idealTree ├── duplexer@0.1.1
104 silly idealTree ├── duplexer3@0.1.4
104 silly idealTree ├── duplexify@3.6.0
104 silly idealTree ├── ee-first@1.1.1
104 silly idealTree ├── elliptic@6.4.0
104 silly idealTree ├── emojis-list@2.1.0
104 silly idealTree ├── encodeurl@1.0.2
104 silly idealTree ├── encoding@0.1.12
104 silly idealTree ├── end-of-stream@1.4.1
104 silly idealTree ├── enhanced-resolve@4.1.0
104 silly idealTree ├── errno@0.1.7
104 silly idealTree ├── escape-html@1.0.3
104 silly idealTree ├── escape-string-regexp@1.0.5
104 silly idealTree ├── eslint-scope@3.7.3
104 silly idealTree ├── esrecurse@4.2.1
104 silly idealTree ├── estraverse@4.2.0
104 silly idealTree ├── esutils@2.0.2
104 silly idealTree ├── etag@1.8.1
104 silly idealTree ├── event-stream@3.3.4
104 silly idealTree ├── events@1.1.1
104 silly idealTree ├── evp_bytestokey@1.0.3
104 silly idealTree ├─┬ execa@0.7.0
104 silly idealTree │ └── cross-spawn@5.1.0
104 silly idealTree ├─┬ expand-brackets@2.1.4
104 silly idealTree │ ├── define-property@0.2.5
104 silly idealTree │ └── extend-shallow@2.0.1
104 silly idealTree ├── express@4.16.3
104 silly idealTree ├─┬ extend-shallow@3.0.2
104 silly idealTree │ └── is-extendable@1.0.1
104 silly idealTree ├── external-editor@3.0.0
104 silly idealTree ├─┬ extglob@2.0.4
104 silly idealTree │ ├── define-property@1.0.0
104 silly idealTree │ ├── extend-shallow@2.0.1
104 silly idealTree │ ├── is-accessor-descriptor@1.0.0
104 silly idealTree │ ├── is-data-descriptor@1.0.0
104 silly idealTree │ └── is-descriptor@1.0.2
104 silly idealTree ├── fast-deep-equal@2.0.1
104 silly idealTree ├── fast-json-stable-stringify@2.0.0
104 silly idealTree ├── fbjs@0.8.17
104 silly idealTree ├── figures@2.0.0
104 silly idealTree ├─┬ fill-range@4.0.0
104 silly idealTree │ └── extend-shallow@2.0.1
104 silly idealTree ├── finalhandler@1.1.1
104 silly idealTree ├── find-cache-dir@1.0.0
104 silly idealTree ├── find-up@2.1.0
104 silly idealTree ├── flush-write-stream@1.0.3
104 silly idealTree ├─┬ follow-redirects@1.5.1
104 silly idealTree │ └── debug@3.1.0
104 silly idealTree ├── for-in@1.0.2
104 silly idealTree ├── forwarded@0.1.2
104 silly idealTree ├── fragment-cache@0.2.1
104 silly idealTree ├── fresh@0.5.2
104 silly idealTree ├── from@0.1.7
104 silly idealTree ├── from2@2.3.0
104 silly idealTree ├── fs-write-stream-atomic@1.0.10
104 silly idealTree ├── fs.realpath@1.0.0
104 silly idealTree ├─┬ fsevents@1.2.4
104 silly idealTree │ ├── abbrev@1.1.1
104 silly idealTree │ ├── ansi-regex@2.1.1
104 silly idealTree │ ├── aproba@1.2.0
104 silly idealTree │ ├── are-we-there-yet@1.1.4
104 silly idealTree │ ├── balanced-match@1.0.0
104 silly idealTree │ ├── brace-expansion@1.1.11
104 silly idealTree │ ├── chownr@1.0.1
104 silly idealTree │ ├── code-point-at@1.1.0
104 silly idealTree │ ├── concat-map@0.0.1
104 silly idealTree │ ├── console-control-strings@1.1.0
104 silly idealTree │ ├── core-util-is@1.0.2
104 silly idealTree │ ├── debug@2.6.9
104 silly idealTree │ ├── deep-extend@0.5.1
104 silly idealTree │ ├── delegates@1.0.0
104 silly idealTree │ ├── detect-libc@1.0.3
104 silly idealTree │ ├── fs-minipass@1.2.5
104 silly idealTree │ ├── fs.realpath@1.0.0
104 silly idealTree │ ├── gauge@2.7.4
104 silly idealTree │ ├── glob@7.1.2
104 silly idealTree │ ├── has-unicode@2.0.1
104 silly idealTree │ ├── iconv-lite@0.4.21
104 silly idealTree │ ├── ignore-walk@3.0.1
104 silly idealTree │ ├── inflight@1.0.6
104 silly idealTree │ ├── inherits@2.0.3
104 silly idealTree │ ├── ini@1.3.5
104 silly idealTree │ ├── is-fullwidth-code-point@1.0.0
104 silly idealTree │ ├── isarray@1.0.0
104 silly idealTree │ ├── minimatch@3.0.4
104 silly idealTree │ ├── minimist@0.0.8
104 silly idealTree │ ├── minipass@2.2.4
104 silly idealTree │ ├── minizlib@1.1.0
104 silly idealTree │ ├── mkdirp@0.5.1
104 silly idealTree │ ├── ms@2.0.0
104 silly idealTree │ ├── needle@2.2.0
104 silly idealTree │ ├── node-pre-gyp@0.10.0
104 silly idealTree │ ├── nopt@4.0.1
104 silly idealTree │ ├── npm-bundled@1.0.3
104 silly idealTree │ ├── npm-packlist@1.1.10
104 silly idealTree │ ├── npmlog@4.1.2
104 silly idealTree │ ├── number-is-nan@1.0.1
104 silly idealTree │ ├── object-assign@4.1.1
104 silly idealTree │ ├── once@1.4.0
104 silly idealTree │ ├── os-homedir@1.0.2
104 silly idealTree │ ├── os-tmpdir@1.0.2
104 silly idealTree │ ├── osenv@0.1.5
104 silly idealTree │ ├── path-is-absolute@1.0.1
104 silly idealTree │ ├── process-nextick-args@2.0.0
104 silly idealTree │ ├─┬ rc@1.2.7
104 silly idealTree │ │ └── minimist@1.2.0
104 silly idealTree │ ├── readable-stream@2.3.6
104 silly idealTree │ ├── rimraf@2.6.2
104 silly idealTree │ ├── safe-buffer@5.1.1
104 silly idealTree │ ├── safer-buffer@2.1.2
104 silly idealTree │ ├── sax@1.2.4
104 silly idealTree │ ├── semver@5.5.0
104 silly idealTree │ ├── set-blocking@2.0.0
104 silly idealTree │ ├── signal-exit@3.0.2
104 silly idealTree │ ├── string_decoder@1.1.1
104 silly idealTree │ ├── string-width@1.0.2
104 silly idealTree │ ├── strip-ansi@3.0.1
104 silly idealTree │ ├── strip-json-comments@2.0.1
104 silly idealTree │ ├── tar@4.4.1
104 silly idealTree │ ├── util-deprecate@1.0.2
104 silly idealTree │ ├── wide-align@1.1.2
104 silly idealTree │ ├── wrappy@1.0.2
104 silly idealTree │ └── yallist@3.0.2
104 silly idealTree ├── get-caller-file@1.0.3
104 silly idealTree ├── get-stream@3.0.0
104 silly idealTree ├── get-value@2.0.6
104 silly idealTree ├─┬ glob-parent@3.1.0
104 silly idealTree │ └── is-glob@3.1.0
104 silly idealTree ├── glob@7.1.2
104 silly idealTree ├── global-dirs@0.1.1
104 silly idealTree ├── global-modules-path@2.1.0
104 silly idealTree ├── globals@9.18.0
104 silly idealTree ├── got@6.7.1
104 silly idealTree ├── graceful-fs@4.1.11
104 silly idealTree ├─┬ has-ansi@2.0.0
104 silly idealTree │ └── ansi-regex@2.1.1
104 silly idealTree ├── has-flag@3.0.0
104 silly idealTree ├── has-value@1.0.0
104 silly idealTree ├─┬ has-values@1.0.0
104 silly idealTree │ └── kind-of@4.0.0
104 silly idealTree ├── hash-base@3.0.4
104 silly idealTree ├── hash.js@1.1.5
104 silly idealTree ├── hmac-drbg@1.0.1
104 silly idealTree ├── home-or-tmp@2.0.0
104 silly idealTree ├── http-errors@1.6.3
104 silly idealTree ├── https-browserify@1.0.0
104 silly idealTree ├── iconv-lite@0.4.23
104 silly idealTree ├── ieee754@1.1.12
104 silly idealTree ├── iferr@0.1.5
104 silly idealTree ├── ignore-by-default@1.0.1
104 silly idealTree ├── import-lazy@2.1.0
104 silly idealTree ├── import-local@1.0.0
104 silly idealTree ├── imurmurhash@0.1.4
104 silly idealTree ├── indexof@0.0.1
104 silly idealTree ├── inflight@1.0.6
104 silly idealTree ├── inherits@2.0.3
104 silly idealTree ├── ini@1.3.5
104 silly idealTree ├── inquirer@6.0.0
104 silly idealTree ├── interpret@1.1.0
104 silly idealTree ├── invariant@2.2.4
104 silly idealTree ├── invert-kv@1.0.0
104 silly idealTree ├── ipaddr.js@1.6.0
104 silly idealTree ├─┬ is-accessor-descriptor@0.1.6
104 silly idealTree │ └── kind-of@3.2.2
104 silly idealTree ├── is-binary-path@1.0.1
104 silly idealTree ├── is-buffer@1.1.6
104 silly idealTree ├── is-ci@1.1.0
104 silly idealTree ├─┬ is-data-descriptor@0.1.4
104 silly idealTree │ └── kind-of@3.2.2
104 silly idealTree ├─┬ is-descriptor@0.1.6
104 silly idealTree │ └── kind-of@5.1.0
104 silly idealTree ├── is-extendable@0.1.1
104 silly idealTree ├── is-extglob@2.1.1
104 silly idealTree ├── is-finite@1.0.2
104 silly idealTree ├── is-fullwidth-code-point@2.0.0
104 silly idealTree ├── is-glob@4.0.0
104 silly idealTree ├── is-installed-globally@0.1.0
104 silly idealTree ├── is-npm@1.0.0
104 silly idealTree ├─┬ is-number@3.0.0
104 silly idealTree │ └── kind-of@3.2.2
104 silly idealTree ├── is-obj@1.0.1
104 silly idealTree ├── is-path-inside@1.0.1
104 silly idealTree ├── is-plain-object@2.0.4
104 silly idealTree ├── is-promise@2.1.0
104 silly idealTree ├── is-redirect@1.0.0
104 silly idealTree ├── is-retry-allowed@1.1.0
104 silly idealTree ├── is-stream@1.1.0
104 silly idealTree ├── is-windows@1.0.2
104 silly idealTree ├── isarray@1.0.0
104 silly idealTree ├── isexe@2.0.0
104 silly idealTree ├── isobject@3.0.1
104 silly idealTree ├── isomorphic-fetch@2.2.1
104 silly idealTree ├── js-tokens@4.0.0
104 silly idealTree ├── jsesc@1.3.0
104 silly idealTree ├── json-parse-better-errors@1.0.2
104 silly idealTree ├── json-schema-traverse@0.4.1
104 silly idealTree ├── json5@0.5.1
104 silly idealTree ├── kind-of@6.0.2
104 silly idealTree ├── latest-version@3.1.0
104 silly idealTree ├── lcid@1.0.0
104 silly idealTree ├── loader-runner@2.3.0
104 silly idealTree ├── loader-utils@1.1.0
104 silly idealTree ├── locate-path@2.0.0
104 silly idealTree ├── lodash.debounce@4.0.8
104 silly idealTree ├── lodash@4.17.10
104 silly idealTree ├── long@3.2.0
104 silly idealTree ├── loose-envify@1.4.0
104 silly idealTree ├── lowercase-keys@1.0.1
104 silly idealTree ├── lru-cache@4.1.3
104 silly idealTree ├── make-dir@1.3.0
104 silly idealTree ├── mamacro@0.0.3
104 silly idealTree ├── map-cache@0.2.2
104 silly idealTree ├── map-stream@0.1.0
104 silly idealTree ├── map-visit@1.0.0
104 silly idealTree ├── md5.js@1.3.4
104 silly idealTree ├── media-typer@0.3.0
104 silly idealTree ├── mem@1.1.0
104 silly idealTree ├── memory-fs@0.4.1
104 silly idealTree ├── merge-descriptors@1.0.1
104 silly idealTree ├── methods@1.1.2
104 silly idealTree ├── micromatch@3.1.10
104 silly idealTree ├── miller-rabin@4.0.1
104 silly idealTree ├── mime-db@1.33.0
104 silly idealTree ├── mime-types@2.1.18
104 silly idealTree ├── mime@1.4.1
104 silly idealTree ├── mimic-fn@1.2.0
104 silly idealTree ├── minimalistic-assert@1.0.1
104 silly idealTree ├── minimalistic-crypto-utils@1.0.1
104 silly idealTree ├── minimatch@3.0.4
104 silly idealTree ├── minimist@0.0.8
104 silly idealTree ├── mississippi@2.0.0
104 silly idealTree ├─┬ mixin-deep@1.3.1
104 silly idealTree │ └── is-extendable@1.0.1
104 silly idealTree ├── mkdirp@0.5.1
104 silly idealTree ├── move-concurrently@1.0.1
104 silly idealTree ├── ms@2.0.0
104 silly idealTree ├── mute-stream@0.0.7
104 silly idealTree ├── nan@2.10.0
104 silly idealTree ├── nanomatch@1.2.13
104 silly idealTree ├── negotiator@0.6.1
104 silly idealTree ├── neo-async@2.5.1
104 silly idealTree ├── nice-try@1.0.4
104 silly idealTree ├── node-bin-setup@1.0.6
104 silly idealTree ├── node-fetch@1.7.3
104 silly idealTree ├─┬ node-libs-browser@2.1.0
104 silly idealTree │ └── punycode@1.4.1
104 silly idealTree ├── node@10.6.0
104 silly idealTree ├─┬ nodemon@1.18.1
104 silly idealTree │ └── debug@3.1.0
104 silly idealTree ├── nopt@1.0.10
104 silly idealTree ├── normalize-path@2.1.1
104 silly idealTree ├── npm-run-path@2.0.2
104 silly idealTree ├── number-is-nan@1.0.1
104 silly idealTree ├── object-assign@4.1.1
104 silly idealTree ├─┬ object-copy@0.1.0
104 silly idealTree │ ├── define-property@0.2.5
104 silly idealTree │ └── kind-of@3.2.2
104 silly idealTree ├── object-visit@1.0.1
104 silly idealTree ├── object.pick@1.3.0
104 silly idealTree ├── on-finished@2.3.0
104 silly idealTree ├── once@1.4.0
104 silly idealTree ├── onetime@2.0.1
104 silly idealTree ├── os-browserify@0.3.0
104 silly idealTree ├── os-homedir@1.0.2
104 silly idealTree ├── os-locale@2.1.0
104 silly idealTree ├── os-tmpdir@1.0.2
104 silly idealTree ├── p-finally@1.0.0
104 silly idealTree ├── p-limit@1.3.0
104 silly idealTree ├── p-locate@2.0.0
104 silly idealTree ├── p-try@1.0.0
104 silly idealTree ├── package-json@4.0.1
104 silly idealTree ├── pako@1.0.6
104 silly idealTree ├── parallel-transform@1.1.0
104 silly idealTree ├── parse-asn1@5.1.1
104 silly idealTree ├── parseurl@1.3.2
104 silly idealTree ├── pascalcase@0.1.1
104 silly idealTree ├── path-browserify@0.0.0
104 silly idealTree ├── path-dirname@1.0.2
104 silly idealTree ├── path-exists@3.0.0
104 silly idealTree ├── path-is-absolute@1.0.1
104 silly idealTree ├── path-is-inside@1.0.2
104 silly idealTree ├── path-key@2.0.1
104 silly idealTree ├── path-to-regexp@0.1.7
104 silly idealTree ├── pause-stream@0.0.11
104 silly idealTree ├── pbkdf2@3.0.16
104 silly idealTree ├── pify@3.0.0
104 silly idealTree ├── pkg-dir@2.0.0
104 silly idealTree ├── posix-character-classes@0.1.1
104 silly idealTree ├── prepend-http@1.0.4
104 silly idealTree ├── private@0.1.8
104 silly idealTree ├── process-nextick-args@2.0.0
104 silly idealTree ├── process@0.11.10
104 silly idealTree ├── promise-inflight@1.0.1
104 silly idealTree ├── promise@7.3.1
104 silly idealTree ├── prop-types@15.6.2
104 silly idealTree ├── proxy-addr@2.0.3
104 silly idealTree ├── prr@1.0.1
104 silly idealTree ├── ps-tree@1.1.0
104 silly idealTree ├── pseudomap@1.0.2
104 silly idealTree ├── pstree.remy@1.1.0
104 silly idealTree ├── public-encrypt@4.0.2
104 silly idealTree ├── pump@2.0.1
104 silly idealTree ├── pumpify@1.5.1
104 silly idealTree ├── punycode@2.1.1
104 silly idealTree ├── qs@6.5.1
104 silly idealTree ├── querystring-es3@0.2.1
104 silly idealTree ├── querystring@0.2.0
104 silly idealTree ├── randombytes@2.0.6
104 silly idealTree ├── randomfill@1.0.4
104 silly idealTree ├── range-parser@1.2.0
104 silly idealTree ├─┬ raw-body@2.3.2
104 silly idealTree │ ├── depd@1.1.1
104 silly idealTree │ ├── http-errors@1.6.2
104 silly idealTree │ ├── iconv-lite@0.4.19
104 silly idealTree │ └── setprototypeof@1.0.3
104 silly idealTree ├─┬ rc@1.2.8
104 silly idealTree │ └── minimist@1.2.0
104 silly idealTree ├── react-dom@16.4.1
104 silly idealTree ├── react@16.4.1
104 silly idealTree ├── readable-stream@2.3.6
104 silly idealTree ├── readdirp@2.1.0
104 silly idealTree ├── regenerate@1.4.0
104 silly idealTree ├── regenerator-runtime@0.11.1
104 silly idealTree ├── regenerator-transform@0.10.1
104 silly idealTree ├── regex-not@1.0.2
104 silly idealTree ├── regexpu-core@2.0.0
104 silly idealTree ├── registry-auth-token@3.3.2
104 silly idealTree ├── registry-url@3.1.0
104 silly idealTree ├── regjsgen@0.2.0
104 silly idealTree ├─┬ regjsparser@0.1.5
104 silly idealTree │ └── jsesc@0.5.0
104 silly idealTree ├── remove-trailing-separator@1.1.0
104 silly idealTree ├── repeat-element@1.1.2
104 silly idealTree ├── repeat-string@1.6.1
104 silly idealTree ├── repeating@2.0.1
104 silly idealTree ├── require-directory@2.1.1
104 silly idealTree ├── require-main-filename@1.0.1
104 silly idealTree ├── resolve-cwd@2.0.0
104 silly idealTree ├── resolve-from@3.0.0
104 silly idealTree ├── resolve-url@0.2.1
104 silly idealTree ├── restore-cursor@2.0.0
104 silly idealTree ├── ret@0.1.15
104 silly idealTree ├── rimraf@2.6.2
104 silly idealTree ├── ripemd160@2.0.2
104 silly idealTree ├── run-async@2.3.0
104 silly idealTree ├── run-queue@1.0.3
104 silly idealTree ├── rxjs@6.2.1
104 silly idealTree ├── safe-buffer@5.1.1
104 silly idealTree ├── safe-regex@1.1.0
104 silly idealTree ├── safer-buffer@2.1.2
104 silly idealTree ├── schema-utils@0.4.5
104 silly idealTree ├── semver-diff@2.1.0
104 silly idealTree ├── semver@5.5.0
104 silly idealTree ├── send@0.16.2
104 silly idealTree ├── serialize-javascript@1.5.0
104 silly idealTree ├── serve-static@1.13.2
104 silly idealTree ├── set-blocking@2.0.0
104 silly idealTree ├── set-immediate-shim@1.0.1
104 silly idealTree ├─┬ set-value@2.0.0
104 silly idealTree │ └── extend-shallow@2.0.1
104 silly idealTree ├── setimmediate@1.0.5
104 silly idealTree ├── setprototypeof@1.1.0
104 silly idealTree ├── sha.js@2.4.11
104 silly idealTree ├── shebang-command@1.2.0
104 silly idealTree ├── shebang-regex@1.0.0
104 silly idealTree ├── signal-exit@3.0.2
104 silly idealTree ├── slash@1.0.0
104 silly idealTree ├─┬ snapdragon-node@2.1.1
104 silly idealTree │ ├── define-property@1.0.0
104 silly idealTree │ ├── is-accessor-descriptor@1.0.0
104 silly idealTree │ ├── is-data-descriptor@1.0.0
104 silly idealTree │ └── is-descriptor@1.0.2
104 silly idealTree ├─┬ snapdragon-util@3.0.1
104 silly idealTree │ └── kind-of@3.2.2
104 silly idealTree ├─┬ snapdragon@0.8.2
104 silly idealTree │ ├── define-property@0.2.5
104 silly idealTree │ └── extend-shallow@2.0.1
104 silly idealTree ├── source-list-map@2.0.0
104 silly idealTree ├── source-map-resolve@0.5.2
104 silly idealTree ├── source-map-support@0.4.18
104 silly idealTree ├── source-map-url@0.4.0
104 silly idealTree ├── source-map@0.5.7
104 silly idealTree ├── split-string@3.1.0
104 silly idealTree ├── split@0.3.3
104 silly idealTree ├── ssri@5.3.0
104 silly idealTree ├─┬ static-extend@0.1.2
104 silly idealTree │ └── define-property@0.2.5
104 silly idealTree ├── statuses@1.4.0
104 silly idealTree ├── stream-browserify@2.0.1
104 silly idealTree ├── stream-combiner@0.0.4
104 silly idealTree ├── stream-each@1.2.2
104 silly idealTree ├── stream-http@2.8.3
104 silly idealTree ├── stream-shift@1.0.0
104 silly idealTree ├── string_decoder@1.1.1
104 silly idealTree ├── string-width@2.1.1
104 silly idealTree ├── strip-ansi@4.0.0
104 silly idealTree ├── strip-eof@1.0.0
104 silly idealTree ├── strip-json-comments@2.0.1
104 silly idealTree ├── supports-color@5.4.0
104 silly idealTree ├── tapable@1.0.0
104 silly idealTree ├── term-size@1.2.0
104 silly idealTree ├── through@2.3.8
104 silly idealTree ├── through2@2.0.3
104 silly idealTree ├── timed-out@4.0.1
104 silly idealTree ├── timers-browserify@2.0.10
104 silly idealTree ├── tmp@0.0.33
104 silly idealTree ├── to-arraybuffer@1.0.1
104 silly idealTree ├── to-fast-properties@1.0.3
104 silly idealTree ├─┬ to-object-path@0.3.0
104 silly idealTree │ └── kind-of@3.2.2
104 silly idealTree ├── to-regex-range@2.1.1
104 silly idealTree ├── to-regex@3.0.2
104 silly idealTree ├── touch@3.1.0
104 silly idealTree ├── trim-right@1.0.1
104 silly idealTree ├── tslib@1.9.3
104 silly idealTree ├── tty-browserify@0.0.0
104 silly idealTree ├── type-is@1.6.16
104 silly idealTree ├── typedarray@0.0.6
104 silly idealTree ├── ua-parser-js@0.7.18
104 silly idealTree ├─┬ uglify-es@3.3.9
104 silly idealTree │ └── source-map@0.6.1
104 silly idealTree ├─┬ uglifyjs-webpack-plugin@1.2.7
104 silly idealTree │ └── source-map@0.6.1
104 silly idealTree ├── undefsafe@2.0.2
104 silly idealTree ├─┬ union-value@1.0.0
104 silly idealTree │ ├── extend-shallow@2.0.1
104 silly idealTree │ └── set-value@0.4.3
104 silly idealTree ├── unique-filename@1.1.0
104 silly idealTree ├── unique-slug@2.0.0
104 silly idealTree ├── unique-string@1.0.0
104 silly idealTree ├── unpipe@1.0.0
104 silly idealTree ├─┬ unset-value@1.0.0
104 silly idealTree │ ├─┬ has-value@0.3.1
104 silly idealTree │ │ └── isobject@2.1.0
104 silly idealTree │ └── has-values@0.1.4
104 silly idealTree ├── unzip-response@2.0.1
104 silly idealTree ├── upath@1.1.0
104 silly idealTree ├── update-notifier@2.5.0
104 silly idealTree ├── uri-js@4.2.2
104 silly idealTree ├── urix@0.1.0
104 silly idealTree ├── url-parse-lax@1.0.0
104 silly idealTree ├─┬ url@0.11.0
104 silly idealTree │ └── punycode@1.3.2
104 silly idealTree ├── use@3.1.1
104 silly idealTree ├── util-deprecate@1.0.2
104 silly idealTree ├── util@0.10.4
104 silly idealTree ├── utils-merge@1.0.1
104 silly idealTree ├── v8-compile-cache@2.0.0
104 silly idealTree ├── vary@1.1.2
104 silly idealTree ├── vm-browserify@0.0.4
104 silly idealTree ├── watchpack@1.6.0
104 silly idealTree ├── webpack-cli@3.0.8
104 silly idealTree ├─┬ webpack-sources@1.1.0
104 silly idealTree │ └── source-map@0.6.1
104 silly idealTree ├── webpack@4.16.0
104 silly idealTree ├── whatwg-fetch@2.0.4
104 silly idealTree ├── which-module@2.0.0
104 silly idealTree ├── which@1.3.1
104 silly idealTree ├── widest-line@2.0.0
104 silly idealTree ├── worker-farm@1.6.0
104 silly idealTree ├─┬ wrap-ansi@2.1.0
104 silly idealTree │ ├── ansi-regex@2.1.1
104 silly idealTree │ ├── is-fullwidth-code-point@1.0.0
104 silly idealTree │ ├── string-width@1.0.2
104 silly idealTree │ └── strip-ansi@3.0.1
104 silly idealTree ├── wrappy@1.0.2
104 silly idealTree ├── write-file-atomic@2.3.0
104 silly idealTree ├── xdg-basedir@3.0.0
104 silly idealTree ├── xtend@4.0.1
104 silly idealTree ├── y18n@4.0.0
104 silly idealTree ├── yallist@2.1.2
104 silly idealTree ├── yargs-parser@9.0.2
104 silly idealTree └─┬ yargs@11.1.0
104 silly idealTree   └── y18n@3.2.1
105 silly generateActionsToTake Starting
106 silly install generateActionsToTake
107 silly generateActionsToTake Finishing
108 silly diffTrees action count 2
109 silly diffTrees add node-bin-setup@1.0.6
110 silly diffTrees add node@10.6.0
111 silly decomposeActions action count 16
112 silly decomposeActions fetch node-bin-setup@1.0.6
113 silly decomposeActions extract node-bin-setup@1.0.6
114 silly decomposeActions test node-bin-setup@1.0.6
115 silly decomposeActions preinstall node-bin-setup@1.0.6
116 silly decomposeActions build node-bin-setup@1.0.6
117 silly decomposeActions install node-bin-setup@1.0.6
118 silly decomposeActions postinstall node-bin-setup@1.0.6
119 silly decomposeActions finalize node-bin-setup@1.0.6
120 silly decomposeActions fetch node@10.6.0
121 silly decomposeActions extract node@10.6.0
122 silly decomposeActions test node@10.6.0
123 silly decomposeActions preinstall node@10.6.0
124 silly decomposeActions build node@10.6.0
125 silly decomposeActions install node@10.6.0
126 silly decomposeActions postinstall node@10.6.0
127 silly decomposeActions finalize node@10.6.0
128 silly runTopLevelLifecycles Starting
129 silly executeActions Starting
130 silly install executeActions
131 silly doSerial global-install 0
132 silly doParallel fetch 2
133 verbose correctMkdir /Users/ericwang/.npm/_locks correctMkdir not in flight; initializing
134 verbose lock using /Users/ericwang/.npm/_locks/staging-775e85fdbf071d09.lock for /Users/ericwang/Desktop/Hack Reactor/hrsf95-mini-apps-2/challenge_2/node_modules/.staging
135 silly doParallel extract 2
136 silly extract node-bin-setup@1.0.6
137 silly extract node@10.6.0
138 verbose unbuild node_modules/.staging/node-bin-setup-ec72df43
139 verbose unbuild node_modules/.staging/node-0dc8238e
140 silly gentlyRm /Users/ericwang/Desktop/Hack Reactor/hrsf95-mini-apps-2/challenge_2/node_modules/.staging/node-bin-setup-ec72df43 is being purged from base /Users/ericwang/Desktop/Hack Reactor/hrsf95-mini-apps-2/challenge_2
141 verbose gentlyRm don't care about contents; nuking /Users/ericwang/Desktop/Hack Reactor/hrsf95-mini-apps-2/challenge_2/node_modules/.staging/node-bin-setup-ec72df43
142 verbose tar unpack /Users/ericwang/.npm/node-bin-setup/1.0.6/package.tgz
143 verbose tar unpacking to /Users/ericwang/Desktop/Hack Reactor/hrsf95-mini-apps-2/challenge_2/node_modules/.staging/node-bin-setup-ec72df43
144 silly gentlyRm /Users/ericwang/Desktop/Hack Reactor/hrsf95-mini-apps-2/challenge_2/node_modules/.staging/node-bin-setup-ec72df43 is being purged
145 verbose gentlyRm don't care about contents; nuking /Users/ericwang/Desktop/Hack Reactor/hrsf95-mini-apps-2/challenge_2/node_modules/.staging/node-bin-setup-ec72df43
146 silly gentlyRm /Users/ericwang/Desktop/Hack Reactor/hrsf95-mini-apps-2/challenge_2/node_modules/.staging/node-0dc8238e is being purged from base /Users/ericwang/Desktop/Hack Reactor/hrsf95-mini-apps-2/challenge_2
147 verbose gentlyRm don't care about contents; nuking /Users/ericwang/Desktop/Hack Reactor/hrsf95-mini-apps-2/challenge_2/node_modules/.staging/node-0dc8238e
148 silly gunzTarPerm modes [ '755', '644' ]
149 verbose tar unpack /Users/ericwang/.npm/node/10.6.0/package.tgz
150 verbose tar unpacking to /Users/ericwang/Desktop/Hack Reactor/hrsf95-mini-apps-2/challenge_2/node_modules/.staging/node-0dc8238e
151 silly gentlyRm /Users/ericwang/Desktop/Hack Reactor/hrsf95-mini-apps-2/challenge_2/node_modules/.staging/node-0dc8238e is being purged
152 verbose gentlyRm don't care about contents; nuking /Users/ericwang/Desktop/Hack Reactor/hrsf95-mini-apps-2/challenge_2/node_modules/.staging/node-0dc8238e
153 silly gunzTarPerm modes [ '755', '644' ]
154 silly gunzTarPerm extractEntry package.json
155 silly gunzTarPerm extractEntry package.json
156 silly gunzTarPerm extractEntry index.js
157 silly gunzTarPerm extractEntry installArchSpecificPackage.js
158 silly gunzTarPerm extractEntry README.md
159 silly gentlyRm /Users/ericwang/Desktop/Hack Reactor/hrsf95-mini-apps-2/challenge_2/node_modules/.staging/node-bin-setup-ec72df43/node_modules is being purged
160 verbose gentlyRm don't care about contents; nuking /Users/ericwang/Desktop/Hack Reactor/hrsf95-mini-apps-2/challenge_2/node_modules/.staging/node-bin-setup-ec72df43/node_modules
161 silly gentlyRm /Users/ericwang/Desktop/Hack Reactor/hrsf95-mini-apps-2/challenge_2/node_modules/.staging/node-0dc8238e/node_modules is being purged
162 verbose gentlyRm don't care about contents; nuking /Users/ericwang/Desktop/Hack Reactor/hrsf95-mini-apps-2/challenge_2/node_modules/.staging/node-0dc8238e/node_modules
163 silly doParallel preinstall 2
164 silly preinstall node-bin-setup@1.0.6 /Users/ericwang/Desktop/Hack Reactor/hrsf95-mini-apps-2/challenge_2/node_modules/.staging/node-bin-setup-ec72df43
165 info lifecycle node-bin-setup@1.0.6~preinstall: node-bin-setup@1.0.6
166 silly preinstall node@10.6.0 /Users/ericwang/Desktop/Hack Reactor/hrsf95-mini-apps-2/challenge_2/node_modules/.staging/node-0dc8238e
167 info lifecycle node@10.6.0~preinstall: node@10.6.0
168 silly lifecycle node-bin-setup@1.0.6~preinstall: no script for preinstall, continuing
169 verbose lifecycle node@10.6.0~preinstall: unsafe-perm in lifecycle true
170 verbose lifecycle node@10.6.0~preinstall: PATH: /Users/ericwang/.nvm/versions/node/v6.13.1/lib/node_modules/npm/bin/node-gyp-bin:/Users/ericwang/Desktop/Hack Reactor/hrsf95-mini-apps-2/challenge_2/node_modules/.staging/node-0dc8238e/node_modules/.bin:/Users/ericwang/Desktop/Hack Reactor/hrsf95-mini-apps-2/challenge_2/node_modules/.bin:/Users/ericwang/.nvm/versions/node/v6.13.1/bin:/usr/bin:/bin:/usr/sbin:/sbin:/usr/local/bin
171 verbose lifecycle node@10.6.0~preinstall: CWD: /Users/ericwang/Desktop/Hack Reactor/hrsf95-mini-apps-2/challenge_2/node_modules/.staging/node-0dc8238e
172 silly lifecycle node@10.6.0~preinstall: Args: [ '-c', 'node installArchSpecificPackage' ]
173 silly lifecycle node@10.6.0~preinstall: Returned: code: 1  signal: null
174 info lifecycle node@10.6.0~preinstall: Failed to exec preinstall script
175 verbose unlock done using /Users/ericwang/.npm/_locks/staging-775e85fdbf071d09.lock for /Users/ericwang/Desktop/Hack Reactor/hrsf95-mini-apps-2/challenge_2/node_modules/.staging
176 silly rollbackFailedOptional Starting
177 silly rollbackFailedOptional Finishing
178 silly runTopLevelLifecycles Finishing
179 silly install printInstalled
180 warn challenge_2@1.0.0 No description
181 verbose If you need help, you may report this error at:
181 verbose     <https://github.com/npm/npm/issues>
182 warn challenge_2@1.0.0 No repository field.
183 verbose If you need help, you may report this error at:
183 verbose     <https://github.com/npm/npm/issues>
184 verbose stack Error: node@10.6.0 preinstall: `node installArchSpecificPackage`
184 verbose stack Exit status 1
184 verbose stack     at EventEmitter.<anonymous> (/Users/ericwang/.nvm/versions/node/v6.13.1/lib/node_modules/npm/lib/utils/lifecycle.js:255:16)
184 verbose stack     at emitTwo (events.js:106:13)
184 verbose stack     at EventEmitter.emit (events.js:191:7)
184 verbose stack     at ChildProcess.<anonymous> (/Users/ericwang/.nvm/versions/node/v6.13.1/lib/node_modules/npm/lib/utils/spawn.js:40:14)
184 verbose stack     at emitTwo (events.js:106:13)
184 verbose stack     at ChildProcess.emit (events.js:191:7)
184 verbose stack     at maybeClose (internal/child_process.js:920:16)
184 verbose stack     at Process.ChildProcess._handle.onexit (internal/child_process.js:230:5)
185 verbose pkgid node@10.6.0
186 verbose cwd /Users/ericwang/Desktop/Hack Reactor/hrsf95-mini-apps-2/challenge_2
187 error Darwin 17.6.0
188 error argv "/Users/ericwang/.nvm/versions/node/v6.13.1/bin/node" "/Users/ericwang/.nvm/versions/node/v6.13.1/bin/npm" "install" "--save" "-dev" "node"
189 error node v6.13.1
190 error npm  v3.10.10
191 error code ELIFECYCLE
192 error node@10.6.0 preinstall: `node installArchSpecificPackage`
192 error Exit status 1
193 error Failed at the node@10.6.0 preinstall script 'node installArchSpecificPackage'.
193 error Make sure you have the latest version of node.js and npm installed.
193 error If you do, this is most likely a problem with the node package,
193 error not with npm itself.
193 error Tell the author that this fails on your system:
193 error     node installArchSpecificPackage
193 error You can get information on how to open an issue for this project with:
193 error     npm bugs node
193 error Or if that isn't available, you can get their info via:
193 error     npm owner ls node
193 error There is likely additional logging output above.
194 verbose exit [ 1, true ]
